_miescuela-server/app/build/outputs/mapping/release/mapping.txt
# compiler: R8
# compiler_version: 1.5.68
# min_api: 21
# pg_map_id: 6793a2d
co.miescuela.app.-$$Lambda$DialogUtils$BPk9HrkogwhymjjAcz67M03XW7Y -> co.miescuela.app.a:
    co.miescuela.app.DialogUtils$TextSetListener f$0 -> a
    android.widget.EditText f$1 -> b
co.miescuela.app.-$$Lambda$DialogUtils$P6YFzinIn8ejRA0qQ5CYxC1ZEFg -> co.miescuela.app.b:
    co.miescuela.app.DialogUtils$TextSetListener f$0 -> a
    android.widget.EditText f$1 -> b
co.miescuela.app.-$$Lambda$DialogUtils$RwNZLIMqYwdlOiKpuPlQ8HOHT74 -> co.miescuela.app.c:
    co.miescuela.app.DialogUtils$TextSetListener f$0 -> a
    android.widget.EditText f$1 -> b
co.miescuela.app.-$$Lambda$DialogUtils$fz6p0vo5rcjN5y45nwsIR8wDIA4 -> co.miescuela.app.d:
    android.app.AlertDialog[] f$2 -> c
    co.miescuela.app.DialogUtils$TextSetListener f$0 -> a
    android.widget.EditText f$1 -> b
co.miescuela.app.-$$Lambda$ExtraKeysView$9RYJGvvDL45ZmTvcJRhwF5zvttg -> co.miescuela.app.e:
    co.miescuela.app.ExtraKeysView f$0 -> a
    java.lang.String f$2 -> c
    android.widget.Button f$1 -> b
co.miescuela.app.-$$Lambda$ExtraKeysView$OZRlPwaD1M2HNrhx_KjpqXbBH-w -> co.miescuela.app.f:
    co.miescuela.app.ExtraKeysView f$0 -> a
    java.lang.String f$1 -> b
co.miescuela.app.-$$Lambda$ExtraKeysView$q66CH2IYfTyBsKVF9LCGzxrUECw -> co.miescuela.app.g:
    co.miescuela.app.ExtraKeysView f$0 -> a
    android.view.View f$1 -> b
    java.lang.String f$2 -> c
co.miescuela.app.-$$Lambda$TermuxActivity$2$CAo3iv7qYNe_AyFwK-NyLGOxcog -> co.miescuela.app.h:
    co.miescuela.app.TermuxActivity$2 f$0 -> a
    android.widget.EditText f$1 -> b
co.miescuela.app.-$$Lambda$TermuxActivity$31ShZg8Gx16EP6tqB6WORZLr5Rw -> co.miescuela.app.i:
    co.miescuela.app.TermuxActivity f$0 -> a
co.miescuela.app.-$$Lambda$TermuxActivity$3smsq2y7Jl1cMpPTB32-tjS10Cc -> co.miescuela.app.j:
    co.miescuela.app.TermuxActivity f$0 -> a
co.miescuela.app.-$$Lambda$TermuxActivity$8xdXS_dplwCuZVPpWBK2E2jCs8o -> co.miescuela.app.k:
    co.miescuela.app.TermuxActivity f$0 -> a
    void onTextSet(java.lang.String) -> a
co.miescuela.app.-$$Lambda$TermuxActivity$JbCeivuQuBek5RtTUikxLLCD81A -> co.miescuela.app.l:
    java.lang.CharSequence[] f$2 -> c
    android.app.AlertDialog f$1 -> b
    co.miescuela.app.TermuxActivity f$0 -> a
co.miescuela.app.-$$Lambda$TermuxActivity$PigK3AW2-F5EsnBy5Ua_JRv_9Pk -> co.miescuela.app.m:
    co.miescuela.terminal.TerminalSession f$1 -> b
    co.miescuela.app.TermuxActivity f$0 -> a
    void onTextSet(java.lang.String) -> a
co.miescuela.app.-$$Lambda$TermuxActivity$PpwC5Q-kBgUwOkHm4ePCB1wcd0U -> co.miescuela.app.n:
    co.miescuela.app.TermuxActivity f$0 -> a
co.miescuela.app.-$$Lambda$TermuxActivity$XWB-Sz_QfCDvokADB8aebV2k53M -> co.miescuela.app.o:
    co.miescuela.app.TermuxActivity f$0 -> a
co.miescuela.app.-$$Lambda$TermuxActivity$bPX6W_PUOS0bcMSzIu-9LBSYhag -> co.miescuela.app.p:
    java.lang.CharSequence[] f$2 -> c
    android.app.AlertDialog f$1 -> b
    co.miescuela.app.TermuxActivity f$0 -> a
co.miescuela.app.-$$Lambda$TermuxActivity$bcP65mC2oznv6zY99D4xaVR6bEw -> co.miescuela.app.q:
    co.miescuela.app.TermuxActivity f$0 -> a
co.miescuela.app.-$$Lambda$TermuxActivity$dCaaqv203cgHMzy7g3NtpI4LOVw -> co.miescuela.app.r:
    java.lang.CharSequence[] f$1 -> b
    co.miescuela.app.TermuxActivity f$0 -> a
co.miescuela.app.-$$Lambda$TermuxActivity$nw2k-L-WOPgmViWOrrbVPC1Riaw -> co.miescuela.app.s:
    co.miescuela.app.TermuxActivity f$0 -> a
co.miescuela.app.-$$Lambda$TermuxActivity$pZvEscDZbzhaZomwnpG1QDuYAMs -> co.miescuela.app.t:
    co.miescuela.app.TermuxActivity f$0 -> a
co.miescuela.app.-$$Lambda$TermuxActivity$q2pNgd706xHeeOE64ZPqmJ0tis8 -> co.miescuela.app.u:
    co.miescuela.app.TermuxActivity f$0 -> a
co.miescuela.app.-$$Lambda$TermuxActivity$vd0wgB1g6Wu93604duqcZeKFblM -> co.miescuela.app.v:
    co.miescuela.app.TermuxActivity f$0 -> a
    void onTextSet(java.lang.String) -> a
co.miescuela.app.-$$Lambda$TermuxActivity$wBykoSPFbbxU37ZfhZ4Sxb2ikMk -> co.miescuela.app.w:
    co.miescuela.app.TermuxActivity f$0 -> a
...
androidx.core.view.accessibility.AccessibilityNodeInfoCompat -> a.a.b.f.a:
    android.view.accessibility.AccessibilityNodeInfo mInfo -> a
    1:2:void <init>(android.view.accessibility.AccessibilityNodeInfo):1319:1320 -> <init>
    1:1:androidx.core.view.accessibility.AccessibilityNodeInfoCompat wrap(android.view.accessibility.AccessibilityNodeInfo):1330:1330 -> a
    2:2:androidx.core.view.accessibility.AccessibilityNodeInfoCompat obtain(androidx.core.view.accessibility.AccessibilityNodeInfoCompat):1397:1397 -> a
    3:3:void addChild(android.view.View):1522:1522 -> a
    4:4:int getActions():1595:1595 -> a
    5:5:void addAction(int):1610:1610 -> a
    6:7:boolean removeAction(androidx.core.view.accessibility.AccessibilityNodeInfoCompat$AccessibilityActionCompat):1645:1646 -> a
    8:8:void getBoundsInParent(android.graphics.Rect):1805:1805 -> a
    9:10:void setAccessibilityFocused(boolean):2000:2001 -> a
    11:11:void setClassName(java.lang.CharSequence):2227:2227 -> a
    java.lang.String getActionSymbolicName(int) -> b
    1:1:void setParent(android.view.View):1770:1770 -> b
    2:2:void getBoundsInScreen(android.graphics.Rect):1829:1829 -> b
    3:3:void setClickable(boolean):2050:2050 -> b
    4:4:java.lang.CharSequence getClassName():2212:2212 -> b
    5:5:void setContentDescription(java.lang.CharSequence):2275:2275 -> b
    1:1:void setSource(android.view.View):1406:1406 -> c
    2:2:void setBoundsInParent(android.graphics.Rect):1820:1820 -> c
androidx.core.view.accessibility.AccessibilityNodeInfoCompat$AccessibilityActionCompat -> a.a.b.f.a$a:
    androidx.core.view.accessibility.AccessibilityNodeInfoCompat$AccessibilityActionCompat ACTION_FOCUS -> b
    androidx.core.view.accessibility.AccessibilityNodeInfoCompat$AccessibilityActionCompat ACTION_CLEAR_FOCUS -> c
    java.lang.Object mAction -> a
    1:1:void <clinit>():49:49 -> <clinit>
    2:2:void <clinit>():56:56 -> <clinit>
    3:3:void <clinit>():63:63 -> <clinit>
    4:4:void <clinit>():70:70 -> <clinit>
    5:5:void <clinit>():77:77 -> <clinit>
    6:6:void <clinit>():84:84 -> <clinit>
    7:7:void <clinit>():91:91 -> <clinit>
    8:8:void <clinit>():98:98 -> <clinit>
    9:9:void <clinit>():146:146 -> <clinit>
    10:10:void <clinit>():194:194 -> <clinit>
    11:11:void <clinit>():215:215 -> <clinit>
    12:12:void <clinit>():236:236 -> <clinit>
    13:13:void <clinit>():243:243 -> <clinit>
    14:14:void <clinit>():250:250 -> <clinit>
    15:15:void <clinit>():257:257 -> <clinit>
    16:16:void <clinit>():264:264 -> <clinit>
    17:17:void <clinit>():271:271 -> <clinit>
    18:18:void <clinit>():298:298 -> <clinit>
    19:19:void <clinit>():305:305 -> <clinit>
    20:20:void <clinit>():312:312 -> <clinit>
    21:21:void <clinit>():319:319 -> <clinit>
    22:22:void <clinit>():339:339 -> <clinit>
    23:23:void <clinit>():349:349 -> <clinit>
    24:24:void <clinit>():365:365 -> <clinit>
    25:25:void <clinit>():373:373 -> <clinit>
androidx.core.view.accessibility.AccessibilityNodeProviderCompat -> a.a.b.f.b:
    java.lang.Object mProvider -> a
    1:2:void <init>(java.lang.Object):120:121 -> <init>
    1:1:java.lang.Object getProvider():128:128 -> a
androidx.customview.view.AbsSavedState -> a.b.a.a:
    android.os.Parcelable mSuperState -> a
    androidx.customview.view.AbsSavedState EMPTY_STATE -> b
    1:1:void <clinit>():30:30 -> <clinit>
    2:2:void <clinit>():88:88 -> <clinit>
    1:1:void <init>(androidx.customview.view.AbsSavedState$1):29:29 -> <init>
    2:3:void <init>():37:38 -> <init>
    4:4:void <init>(android.os.Parcelable):46:46 -> <init>
    5:5:void <init>(android.os.Parcelable):50:50 -> <init>
    6:6:void <init>(android.os.Parcelable):48:48 -> <init>
    7:9:void <init>(android.os.Parcel,java.lang.ClassLoader):68:70 -> <init>
    1:1:android.os.Parcelable getSuperState():75:75 -> a
    1:1:void writeToParcel(android.os.Parcel,int):85:85 -> writeToParcel